<?xml version="1.0" encoding="UTF-8"?>
<testsuite name="TestSuite" time="8.703" tests="4" errors="0" skipped="0" failures="1">
  <properties>
[...]
</properties>
  <testcase name="updateUser" classname="tests.UpdateUser" time="3.543">
    <failure message="1 expectation failed.&#10;Expected status code &lt;404&gt; but was &lt;200&gt;.&#10;" type="java.lang.AssertionError"><![CDATA[java.lang.AssertionError: 1 expectation failed.
Expected status code <404> but was <200>.

	at java.base/jdk.internal.reflect.NativeConstructorAccessorImpl.newInstance0(Native Method)
	at java.base/jdk.internal.reflect.NativeConstructorAccessorImpl.newInstance(NativeConstructorAccessorImpl.java:62)
	at java.base/jdk.internal.reflect.DelegatingConstructorAccessorImpl.newInstance(DelegatingConstructorAccessorImpl.java:45)
	at java.base/java.lang.reflect.Constructor.newInstanceWithCaller(Constructor.java:500)
	at java.base/java.lang.reflect.Constructor.newInstance(Constructor.java:481)
	at org.codehaus.groovy.reflection.CachedConstructor.invoke(CachedConstructor.java:80)
	at org.codehaus.groovy.reflection.CachedConstructor.doConstructorInvoke(CachedConstructor.java:74)
	at org.codehaus.groovy.runtime.callsite.ConstructorSite$ConstructorSiteNoUnwrap.callConstructor(ConstructorSite.java:84)
	at org.codehaus.groovy.runtime.callsite.CallSiteArray.defaultCallConstructor(CallSiteArray.java:59)
	at org.codehaus.groovy.runtime.callsite.AbstractCallSite.callConstructor(AbstractCallSite.java:237)
	at org.codehaus.groovy.runtime.callsite.AbstractCallSite.callConstructor(AbstractCallSite.java:249)
	at io.restassured.internal.ResponseSpecificationImpl$HamcrestAssertionClosure.validate(ResponseSpecificationImpl.groovy:493)
	at io.restassured.internal.ResponseSpecificationImpl$HamcrestAssertionClosure$validate$1.call(Unknown Source)
	at org.codehaus.groovy.runtime.callsite.CallSiteArray.defaultCall(CallSiteArray.java:47)
	at org.codehaus.groovy.runtime.callsite.AbstractCallSite.call(AbstractCallSite.java:115)
	at org.codehaus.groovy.runtime.callsite.AbstractCallSite.call(AbstractCallSite.java:127)
	at io.restassured.internal.ResponseSpecificationImpl.validateResponseIfRequired(ResponseSpecificationImpl.groovy:674)
	at java.base/jdk.internal.reflect.NativeMethodAccessorImpl.invoke0(Native Method)
	at java.base/jdk.internal.reflect.NativeMethodAccessorImpl.invoke(NativeMethodAccessorImpl.java:62)
	at java.base/jdk.internal.reflect.DelegatingMethodAccessorImpl.invoke(DelegatingMethodAccessorImpl.java:43)
	at java.base/java.lang.reflect.Method.invoke(Method.java:567)
	at org.codehaus.groovy.runtime.callsite.PlainObjectMetaMethodSite.doInvoke(PlainObjectMetaMethodSite.java:43)
	at org.codehaus.groovy.runtime.callsite.PogoMetaMethodSite$PogoCachedMethodSiteNoUnwrapNoCoerce.invoke(PogoMetaMethodSite.java:190)
	at org.codehaus.groovy.runtime.callsite.PogoMetaMethodSite.callCurrent(PogoMetaMethodSite.java:58)
	at org.codehaus.groovy.runtime.callsite.CallSiteArray.defaultCallCurrent(CallSiteArray.java:51)
	at org.codehaus.groovy.runtime.callsite.AbstractCallSite.callCurrent(AbstractCallSite.java:156)
	at org.codehaus.groovy.runtime.callsite.AbstractCallSite.callCurrent(AbstractCallSite.java:168)
	at io.restassured.internal.ResponseSpecificationImpl.statusCode(ResponseSpecificationImpl.groovy:126)
	at io.restassured.specification.ResponseSpecification$statusCode$0.callCurrent(Unknown Source)
	at org.codehaus.groovy.runtime.callsite.CallSiteArray.defaultCallCurrent(CallSiteArray.java:51)
	at org.codehaus.groovy.runtime.callsite.AbstractCallSite.callCurrent(AbstractCallSite.java:156)
	at org.codehaus.groovy.runtime.callsite.AbstractCallSite.callCurrent(AbstractCallSite.java:168)
	at io.restassured.internal.ResponseSpecificationImpl.statusCode(ResponseSpecificationImpl.groovy:134)
	at io.restassured.internal.ValidatableResponseOptionsImpl.statusCode(ValidatableResponseOptionsImpl.java:89)
	at io.restassured.internal.ValidatableResponseImpl.super$2$statusCode(ValidatableResponseImpl.groovy)
	at java.base/jdk.internal.reflect.NativeMethodAccessorImpl.invoke0(Native Method)
	at java.base/jdk.internal.reflect.NativeMethodAccessorImpl.invoke(NativeMethodAccessorImpl.java:62)
	at java.base/jdk.internal.reflect.DelegatingMethodAccessorImpl.invoke(DelegatingMethodAccessorImpl.java:43)
	at java.base/java.lang.reflect.Method.invoke(Method.java:567)
	at org.codehaus.groovy.reflection.CachedMethod.invoke(CachedMethod.java:101)
	at groovy.lang.MetaMethod.doMethodInvoke(MetaMethod.java:323)
	at groovy.lang.MetaClassImpl.invokeMethod(MetaClassImpl.java:1217)
	at org.codehaus.groovy.runtime.ScriptBytecodeAdapter.invokeMethodOnSuperN(ScriptBytecodeAdapter.java:144)
	at io.restassured.internal.ValidatableResponseImpl.statusCode(ValidatableResponseImpl.groovy:142)
	at io.restassured.internal.ValidatableResponseImpl.statusCode(ValidatableResponseImpl.groovy)
	at tests.UpdateUser.updateUser(UpdateUser.java:22)
]]></failure>
    <system-out><![CDATA[Configuring TestNG with: TestNG652Configurator
]]></system-out>
    <system-err><![CDATA[SLF4J: Failed to load class "org.slf4j.impl.StaticLoggerBinder".
SLF4J: Defaulting to no-operation (NOP) logger implementation
SLF4J: See http://www.slf4j.org/codes.html#StaticLoggerBinder for further details.
[CallSiteClassLoader@54cf7c6a] error at io/qameta/allure/aspects/StepsAspects.java::0 the @annotation pointcut expression is only supported at Java 5 compliance level or above
[CallSiteClassLoader@54cf7c6a] error at io/qameta/allure/aspects/AttachmentsAspects.java::0 the @annotation pointcut expression is only supported at Java 5 compliance level or above
[DelegatingClassLoader@5de6cf3a] error at io/qameta/allure/aspects/StepsAspects.java::0 the @annotation pointcut expression is only supported at Java 5 compliance level or above
[DelegatingClassLoader@5de6cf3a] error at io/qameta/allure/aspects/AttachmentsAspects.java::0 the @annotation pointcut expression is only supported at Java 5 compliance level or above
[CallSiteClassLoader@33ecbd6c] error at io/qameta/allure/aspects/StepsAspects.java::0 the @annotation pointcut expression is only supported at Java 5 compliance level or above
[CallSiteClassLoader@33ecbd6c] error at io/qameta/allure/aspects/AttachmentsAspects.java::0 the @annotation pointcut expression is only supported at Java 5 compliance level or above
[CallSiteClassLoader@7b27e8f4] error at io/qameta/allure/aspects/StepsAspects.java::0 the @annotation pointcut expression is only supported at Java 5 compliance level or above
[CallSiteClassLoader@7b27e8f4] error at io/qameta/allure/aspects/AttachmentsAspects.java::0 the @annotation pointcut expression is only supported at Java 5 compliance level or above
[CallSiteClassLoader@5ed4bc] error at io/qameta/allure/aspects/StepsAspects.java::0 the @annotation pointcut expression is only supported at Java 5 compliance level or above
[CallSiteClassLoader@5ed4bc] error at io/qameta/allure/aspects/AttachmentsAspects.java::0 the @annotation pointcut expression is only supported at Java 5 compliance level or above
[CallSiteClassLoader@6a87026] error at io/qameta/allure/aspects/StepsAspects.java::0 the @annotation pointcut expression is only supported at Java 5 compliance level or above
[CallSiteClassLoader@6a87026] error at io/qameta/allure/aspects/AttachmentsAspects.java::0 the @annotation pointcut expression is only supported at Java 5 compliance level or above
[CallSiteClassLoader@3a894088] error at io/qameta/allure/aspects/StepsAspects.java::0 the @annotation pointcut expression is only supported at Java 5 compliance level or above
[CallSiteClassLoader@3a894088] error at io/qameta/allure/aspects/AttachmentsAspects.java::0 the @annotation pointcut expression is only supported at Java 5 compliance level or above
[CallSiteClassLoader@65e0b505] error at io/qameta/allure/aspects/StepsAspects.java::0 the @annotation pointcut expression is only supported at Java 5 compliance level or above
[CallSiteClassLoader@65e0b505] error at io/qameta/allure/aspects/AttachmentsAspects.java::0 the @annotation pointcut expression is only supported at Java 5 compliance level or above
[CallSiteClassLoader@557a84fe] error at io/qameta/allure/aspects/StepsAspects.java::0 the @annotation pointcut expression is only supported at Java 5 compliance level or above
[CallSiteClassLoader@557a84fe] error at io/qameta/allure/aspects/AttachmentsAspects.java::0 the @annotation pointcut expression is only supported at Java 5 compliance level or above
[DelegatingClassLoader@60990e5c] error at io/qameta/allure/aspects/StepsAspects.java::0 the @annotation pointcut expression is only supported at Java 5 compliance level or above
[DelegatingClassLoader@60990e5c] error at io/qameta/allure/aspects/AttachmentsAspects.java::0 the @annotation pointcut expression is only supported at Java 5 compliance level or above
[CallSiteClassLoader@4a92c6a9] error at io/qameta/allure/aspects/StepsAspects.java::0 the @annotation pointcut expression is only supported at Java 5 compliance level or above
[CallSiteClassLoader@4a92c6a9] error at io/qameta/allure/aspects/AttachmentsAspects.java::0 the @annotation pointcut expression is only supported at Java 5 compliance level or above
[CallSiteClassLoader@31a2a9fa] error at io/qameta/allure/aspects/StepsAspects.java::0 the @annotation pointcut expression is only supported at Java 5 compliance level or above
[CallSiteClassLoader@31a2a9fa] error at io/qameta/allure/aspects/AttachmentsAspects.java::0 the @annotation pointcut expression is only supported at Java 5 compliance level or above
[CallSiteClassLoader@152c4495] error at io/qameta/allure/aspects/StepsAspects.java::0 the @annotation pointcut expression is only supported at Java 5 compliance level or above
[CallSiteClassLoader@152c4495] error at io/qameta/allure/aspects/AttachmentsAspects.java::0 the @annotation pointcut expression is only supported at Java 5 compliance level or above
[DelegatingClassLoader@68dd39d2] error at io/qameta/allure/aspects/StepsAspects.java::0 the @annotation pointcut expression is only supported at Java 5 compliance level or above
[DelegatingClassLoader@68dd39d2] error at io/qameta/allure/aspects/AttachmentsAspects.java::0 the @annotation pointcut expression is only supported at Java 5 compliance level or above
[CallSiteClassLoader@2b6a0ea9] error at io/qameta/allure/aspects/StepsAspects.java::0 the @annotation pointcut expression is only supported at Java 5 compliance level or above
[CallSiteClassLoader@2b6a0ea9] error at io/qameta/allure/aspects/AttachmentsAspects.java::0 the @annotation pointcut expression is only supported at Java 5 compliance level or above
[DelegatingClassLoader@78d71df1] error at io/qameta/allure/aspects/StepsAspects.java::0 the @annotation pointcut expression is only supported at Java 5 compliance level or above
[DelegatingClassLoader@78d71df1] error at io/qameta/allure/aspects/AttachmentsAspects.java::0 the @annotation pointcut expression is only supported at Java 5 compliance level or above
[DelegatingClassLoader@7237f3c1] error at io/qameta/allure/aspects/StepsAspects.java::0 the @annotation pointcut expression is only supported at Java 5 compliance level or above
[DelegatingClassLoader@7237f3c1] error at io/qameta/allure/aspects/AttachmentsAspects.java::0 the @annotation pointcut expression is only supported at Java 5 compliance level or above
[CallSiteClassLoader@3610f277] error at io/qameta/allure/aspects/StepsAspects.java::0 the @annotation pointcut expression is only supported at Java 5 compliance level or above
[CallSiteClassLoader@3610f277] error at io/qameta/allure/aspects/AttachmentsAspects.java::0 the @annotation pointcut expression is only supported at Java 5 compliance level or above
[CallSiteClassLoader@21c747a] error at io/qameta/allure/aspects/StepsAspects.java::0 the @annotation pointcut expression is only supported at Java 5 compliance level or above
[CallSiteClassLoader@21c747a] error at io/qameta/allure/aspects/AttachmentsAspects.java::0 the @annotation pointcut expression is only supported at Java 5 compliance level or above
[CallSiteClassLoader@e91b4f4] error at io/qameta/allure/aspects/StepsAspects.java::0 the @annotation pointcut expression is only supported at Java 5 compliance level or above
[CallSiteClassLoader@e91b4f4] error at io/qameta/allure/aspects/AttachmentsAspects.java::0 the @annotation pointcut expression is only supported at Java 5 compliance level or above
[CallSiteClassLoader@4215e133] error at io/qameta/allure/aspects/StepsAspects.java::0 the @annotation pointcut expression is only supported at Java 5 compliance level or above
[CallSiteClassLoader@4215e133] error at io/qameta/allure/aspects/AttachmentsAspects.java::0 the @annotation pointcut expression is only supported at Java 5 compliance level or above
[CallSiteClassLoader@38291795] error at io/qameta/allure/aspects/StepsAspects.java::0 the @annotation pointcut expression is only supported at Java 5 compliance level or above
[CallSiteClassLoader@38291795] error at io/qameta/allure/aspects/AttachmentsAspects.java::0 the @annotation pointcut expression is only supported at Java 5 compliance level or above
[CallSiteClassLoader@5f7eee96] error at io/qameta/allure/aspects/StepsAspects.java::0 the @annotation pointcut expression is only supported at Java 5 compliance level or above
[CallSiteClassLoader@5f7eee96] error at io/qameta/allure/aspects/AttachmentsAspects.java::0 the @annotation pointcut expression is only supported at Java 5 compliance level or above
[CallSiteClassLoader@236eccd1] error at io/qameta/allure/aspects/StepsAspects.java::0 the @annotation pointcut expression is only supported at Java 5 compliance level or above
[CallSiteClassLoader@236eccd1] error at io/qameta/allure/aspects/AttachmentsAspects.java::0 the @annotation pointcut expression is only supported at Java 5 compliance level or above
[DelegatingClassLoader@20c812c8] error at io/qameta/allure/aspects/StepsAspects.java::0 the @annotation pointcut expression is only supported at Java 5 compliance level or above
[DelegatingClassLoader@20c812c8] error at io/qameta/allure/aspects/AttachmentsAspects.java::0 the @annotation pointcut expression is only supported at Java 5 compliance level or above
[CallSiteClassLoader@1e3ff233] error at io/qameta/allure/aspects/StepsAspects.java::0 the @annotation pointcut expression is only supported at Java 5 compliance level or above
[CallSiteClassLoader@1e3ff233] error at io/qameta/allure/aspects/AttachmentsAspects.java::0 the @annotation pointcut expression is only supported at Java 5 compliance level or above
[CallSiteClassLoader@483f286e] error at io/qameta/allure/aspects/StepsAspects.java::0 the @annotation pointcut expression is only supported at Java 5 compliance level or above
[CallSiteClassLoader@483f286e] error at io/qameta/allure/aspects/AttachmentsAspects.java::0 the @annotation pointcut expression is only supported at Java 5 compliance level or above
[CallSiteClassLoader@1c240cf2] error at io/qameta/allure/aspects/StepsAspects.java::0 the @annotation pointcut expression is only supported at Java 5 compliance level or above
[CallSiteClassLoader@1c240cf2] error at io/qameta/allure/aspects/AttachmentsAspects.java::0 the @annotation pointcut expression is only supported at Java 5 compliance level or above
[CallSiteClassLoader@4e22368c] error at io/qameta/allure/aspects/StepsAspects.java::0 the @annotation pointcut expression is only supported at Java 5 compliance level or above
[CallSiteClassLoader@4e22368c] error at io/qameta/allure/aspects/AttachmentsAspects.java::0 the @annotation pointcut expression is only supported at Java 5 compliance level or above
[CallSiteClassLoader@5ef85555] error at io/qameta/allure/aspects/StepsAspects.java::0 the @annotation pointcut expression is only supported at Java 5 compliance level or above
[CallSiteClassLoader@5ef85555] error at io/qameta/allure/aspects/AttachmentsAspects.java::0 the @annotation pointcut expression is only supported at Java 5 compliance level or above
[CallSiteClassLoader@27dc627a] error at io/qameta/allure/aspects/StepsAspects.java::0 the @annotation pointcut expression is only supported at Java 5 compliance level or above
[CallSiteClassLoader@27dc627a] error at io/qameta/allure/aspects/AttachmentsAspects.java::0 the @annotation pointcut expression is only supported at Java 5 compliance level or above
[CallSiteClassLoader@2ce03e86] error at io/qameta/allure/aspects/StepsAspects.java::0 the @annotation pointcut expression is only supported at Java 5 compliance level or above
[CallSiteClassLoader@2ce03e86] error at io/qameta/allure/aspects/AttachmentsAspects.java::0 the @annotation pointcut expression is only supported at Java 5 compliance level or above
[DelegatingClassLoader@7bee8621] error at io/qameta/allure/aspects/StepsAspects.java::0 the @annotation pointcut expression is only supported at Java 5 compliance level or above
[DelegatingClassLoader@7bee8621] error at io/qameta/allure/aspects/AttachmentsAspects.java::0 the @annotation pointcut expression is only supported at Java 5 compliance level or above
[CallSiteClassLoader@53aa2fc9] error at io/qameta/allure/aspects/StepsAspects.java::0 the @annotation pointcut expression is only supported at Java 5 compliance level or above
[CallSiteClassLoader@53aa2fc9] error at io/qameta/allure/aspects/AttachmentsAspects.java::0 the @annotation pointcut expression is only supported at Java 5 compliance level or above
[DelegatingClassLoader@632b305d] error at io/qameta/allure/aspects/StepsAspects.java::0 the @annotation pointcut expression is only supported at Java 5 compliance level or above
[DelegatingClassLoader@632b305d] error at io/qameta/allure/aspects/AttachmentsAspects.java::0 the @annotation pointcut expression is only supported at Java 5 compliance level or above
[CallSiteClassLoader@6b1321b7] error at io/qameta/allure/aspects/StepsAspects.java::0 the @annotation pointcut expression is only supported at Java 5 compliance level or above
[CallSiteClassLoader@6b1321b7] error at io/qameta/allure/aspects/AttachmentsAspects.java::0 the @annotation pointcut expression is only supported at Java 5 compliance level or above
[CallSiteClassLoader@2eb0cefe] error at io/qameta/allure/aspects/StepsAspects.java::0 the @annotation pointcut expression is only supported at Java 5 compliance level or above
[CallSiteClassLoader@2eb0cefe] error at io/qameta/allure/aspects/AttachmentsAspects.java::0 the @annotation pointcut expression is only supported at Java 5 compliance level or above
[CallSiteClassLoader@138f0661] error at io/qameta/allure/aspects/StepsAspects.java::0 the @annotation pointcut expression is only supported at Java 5 compliance level or above
[CallSiteClassLoader@138f0661] error at io/qameta/allure/aspects/AttachmentsAspects.java::0 the @annotation pointcut expression is only supported at Java 5 compliance level or above
[CallSiteClassLoader@4584304] error at io/qameta/allure/aspects/StepsAspects.java::0 the @annotation pointcut expression is only supported at Java 5 compliance level or above
[CallSiteClassLoader@4584304] error at io/qameta/allure/aspects/AttachmentsAspects.java::0 the @annotation pointcut expression is only supported at Java 5 compliance level or above
[CallSiteClassLoader@4def7d36] error at io/qameta/allure/aspects/StepsAspects.java::0 the @annotation pointcut expression is only supported at Java 5 compliance level or above
[CallSiteClassLoader@4def7d36] error at io/qameta/allure/aspects/AttachmentsAspects.java::0 the @annotation pointcut expression is only supported at Java 5 compliance level or above
[CallSiteClassLoader@75e80a97] error at io/qameta/allure/aspects/StepsAspects.java::0 the @annotation pointcut expression is only supported at Java 5 compliance level or above
[CallSiteClassLoader@75e80a97] error at io/qameta/allure/aspects/AttachmentsAspects.java::0 the @annotation pointcut expression is only supported at Java 5 compliance level or above
[CallSiteClassLoader@546ed2a0] error at io/qameta/allure/aspects/StepsAspects.java::0 the @annotation pointcut expression is only supported at Java 5 compliance level or above
[CallSiteClassLoader@546ed2a0] error at io/qameta/allure/aspects/AttachmentsAspects.java::0 the @annotation pointcut expression is only supported at Java 5 compliance level or above
[CallSiteClassLoader@29c53c4f] error at io/qameta/allure/aspects/StepsAspects.java::0 the @annotation pointcut expression is only supported at Java 5 compliance level or above
[CallSiteClassLoader@29c53c4f] error at io/qameta/allure/aspects/AttachmentsAspects.java::0 the @annotation pointcut expression is only supported at Java 5 compliance level or above
[CallSiteClassLoader@7f4a1cac] error at io/qameta/allure/aspects/StepsAspects.java::0 the @annotation pointcut expression is only supported at Java 5 compliance level or above
[CallSiteClassLoader@7f4a1cac] error at io/qameta/allure/aspects/AttachmentsAspects.java::0 the @annotation pointcut expression is only supported at Java 5 compliance level or above
[CallSiteClassLoader@5faeeb56] error at io/qameta/allure/aspects/StepsAspects.java::0 the @annotation pointcut expression is only supported at Java 5 compliance level or above
[CallSiteClassLoader@5faeeb56] error at io/qameta/allure/aspects/AttachmentsAspects.java::0 the @annotation pointcut expression is only supported at Java 5 compliance level or above
[CallSiteClassLoader@241b971f] error at io/qameta/allure/aspects/StepsAspects.java::0 the @annotation pointcut expression is only supported at Java 5 compliance level or above
[CallSiteClassLoader@241b971f] error at io/qameta/allure/aspects/AttachmentsAspects.java::0 the @annotation pointcut expression is only supported at Java 5 compliance level or above
[CallSiteClassLoader@34f7b44f] error at io/qameta/allure/aspects/StepsAspects.java::0 the @annotation pointcut expression is only supported at Java 5 compliance level or above
[CallSiteClassLoader@34f7b44f] error at io/qameta/allure/aspects/AttachmentsAspects.java::0 the @annotation pointcut expression is only supported at Java 5 compliance level or above
[CallSiteClassLoader@6321a5aa] error at io/qameta/allure/aspects/StepsAspects.java::0 the @annotation pointcut expression is only supported at Java 5 compliance level or above
[CallSiteClassLoader@6321a5aa] error at io/qameta/allure/aspects/AttachmentsAspects.java::0 the @annotation pointcut expression is only supported at Java 5 compliance level or above
[CallSiteClassLoader@1fe8f5e8] error at io/qameta/allure/aspects/StepsAspects.java::0 the @annotation pointcut expression is only supported at Java 5 compliance level or above
[CallSiteClassLoader@1fe8f5e8] error at io/qameta/allure/aspects/AttachmentsAspects.java::0 the @annotation pointcut expression is only supported at Java 5 compliance level or above
[CallSiteClassLoader@6b24ddd7] error at io/qameta/allure/aspects/StepsAspects.java::0 the @annotation pointcut expression is only supported at Java 5 compliance level or above
[CallSiteClassLoader@6b24ddd7] error at io/qameta/allure/aspects/AttachmentsAspects.java::0 the @annotation pointcut expression is only supported at Java 5 compliance level or above
[CallSiteClassLoader@315b4202] error at io/qameta/allure/aspects/StepsAspects.java::0 the @annotation pointcut expression is only supported at Java 5 compliance level or above
[CallSiteClassLoader@315b4202] error at io/qameta/allure/aspects/AttachmentsAspects.java::0 the @annotation pointcut expression is only supported at Java 5 compliance level or above
[CallSiteClassLoader@1231a1be] error at io/qameta/allure/aspects/StepsAspects.java::0 the @annotation pointcut expression is only supported at Java 5 compliance level or above
[CallSiteClassLoader@1231a1be] error at io/qameta/allure/aspects/AttachmentsAspects.java::0 the @annotation pointcut expression is only supported at Java 5 compliance level or above
[CallSiteClassLoader@5f935d49] error at io/qameta/allure/aspects/StepsAspects.java::0 the @annotation pointcut expression is only supported at Java 5 compliance level or above
[CallSiteClassLoader@5f935d49] error at io/qameta/allure/aspects/AttachmentsAspects.java::0 the @annotation pointcut expression is only supported at Java 5 compliance level or above
[CallSiteClassLoader@176333ee] error at io/qameta/allure/aspects/StepsAspects.java::0 the @annotation pointcut expression is only supported at Java 5 compliance level or above
[CallSiteClassLoader@176333ee] error at io/qameta/allure/aspects/AttachmentsAspects.java::0 the @annotation pointcut expression is only supported at Java 5 compliance level or above
[CallSiteClassLoader@4597e6e3] error at io/qameta/allure/aspects/StepsAspects.java::0 the @annotation pointcut expression is only supported at Java 5 compliance level or above
[CallSiteClassLoader@4597e6e3] error at io/qameta/allure/aspects/AttachmentsAspects.java::0 the @annotation pointcut expression is only supported at Java 5 compliance level or above
[CallSiteClassLoader@3cd46491] error at io/qameta/allure/aspects/StepsAspects.java::0 the @annotation pointcut expression is only supported at Java 5 compliance level or above
[CallSiteClassLoader@3cd46491] error at io/qameta/allure/aspects/AttachmentsAspects.java::0 the @annotation pointcut expression is only supported at Java 5 compliance level or above
[CallSiteClassLoader@2712e8f4] error at io/qameta/allure/aspects/StepsAspects.java::0 the @annotation pointcut expression is only supported at Java 5 compliance level or above
[CallSiteClassLoader@2712e8f4] error at io/qameta/allure/aspects/AttachmentsAspects.java::0 the @annotation pointcut expression is only supported at Java 5 compliance level or above
[CallSiteClassLoader@5238896f] error at io/qameta/allure/aspects/StepsAspects.java::0 the @annotation pointcut expression is only supported at Java 5 compliance level or above
[CallSiteClassLoader@5238896f] error at io/qameta/allure/aspects/AttachmentsAspects.java::0 the @annotation pointcut expression is only supported at Java 5 compliance level or above
[CallSiteClassLoader@6f986501] error at io/qameta/allure/aspects/StepsAspects.java::0 the @annotation pointcut expression is only supported at Java 5 compliance level or above
[CallSiteClassLoader@6f986501] error at io/qameta/allure/aspects/AttachmentsAspects.java::0 the @annotation pointcut expression is only supported at Java 5 compliance level or above
[DelegatingClassLoader@31c7c281] error at io/qameta/allure/aspects/StepsAspects.java::0 the @annotation pointcut expression is only supported at Java 5 compliance level or above
[DelegatingClassLoader@31c7c281] error at io/qameta/allure/aspects/AttachmentsAspects.java::0 the @annotation pointcut expression is only supported at Java 5 compliance level or above
[CallSiteClassLoader@333d44f6] error at io/qameta/allure/aspects/StepsAspects.java::0 the @annotation pointcut expression is only supported at Java 5 compliance level or above
[CallSiteClassLoader@333d44f6] error at io/qameta/allure/aspects/AttachmentsAspects.java::0 the @annotation pointcut expression is only supported at Java 5 compliance level or above
[CallSiteClassLoader@3b4bd341] error at io/qameta/allure/aspects/StepsAspects.java::0 the @annotation pointcut expression is only supported at Java 5 compliance level or above
[CallSiteClassLoader@3b4bd341] error at io/qameta/allure/aspects/AttachmentsAspects.java::0 the @annotation pointcut expression is only supported at Java 5 compliance level or above
[CallSiteClassLoader@6eabe718] error at io/qameta/allure/aspects/StepsAspects.java::0 the @annotation pointcut expression is only supported at Java 5 compliance level or above
[CallSiteClassLoader@6eabe718] error at io/qameta/allure/aspects/AttachmentsAspects.java::0 the @annotation pointcut expression is only supported at Java 5 compliance level or above
[CallSiteClassLoader@4b691611] error at io/qameta/allure/aspects/StepsAspects.java::0 the @annotation pointcut expression is only supported at Java 5 compliance level or above
[CallSiteClassLoader@4b691611] error at io/qameta/allure/aspects/AttachmentsAspects.java::0 the @annotation pointcut expression is only supported at Java 5 compliance level or above
[CallSiteClassLoader@19faedcc] error at io/qameta/allure/aspects/StepsAspects.java::0 the @annotation pointcut expression is only supported at Java 5 compliance level or above
[CallSiteClassLoader@19faedcc] error at io/qameta/allure/aspects/AttachmentsAspects.java::0 the @annotation pointcut expression is only supported at Java 5 compliance level or above
[CallSiteClassLoader@21e484b] error at io/qameta/allure/aspects/StepsAspects.java::0 the @annotation pointcut expression is only supported at Java 5 compliance level or above
[CallSiteClassLoader@21e484b] error at io/qameta/allure/aspects/AttachmentsAspects.java::0 the @annotation pointcut expression is only supported at Java 5 compliance level or above
[CallSiteClassLoader@59baf2c7] error at io/qameta/allure/aspects/StepsAspects.java::0 the @annotation pointcut expression is only supported at Java 5 compliance level or above
[CallSiteClassLoader@59baf2c7] error at io/qameta/allure/aspects/AttachmentsAspects.java::0 the @annotation pointcut expression is only supported at Java 5 compliance level or above
[CallSiteClassLoader@4beae1e3] error at io/qameta/allure/aspects/StepsAspects.java::0 the @annotation pointcut expression is only supported at Java 5 compliance level or above
[CallSiteClassLoader@4beae1e3] error at io/qameta/allure/aspects/AttachmentsAspects.java::0 the @annotation pointcut expression is only supported at Java 5 compliance level or above
[CallSiteClassLoader@78545d40] error at io/qameta/allure/aspects/StepsAspects.java::0 the @annotation pointcut expression is only supported at Java 5 compliance level or above
[CallSiteClassLoader@78545d40] error at io/qameta/allure/aspects/AttachmentsAspects.java::0 the @annotation pointcut expression is only supported at Java 5 compliance level or above
[CallSiteClassLoader@20c3b34b] error at io/qameta/allure/aspects/StepsAspects.java::0 the @annotation pointcut expression is only supported at Java 5 compliance level or above
[CallSiteClassLoader@20c3b34b] error at io/qameta/allure/aspects/AttachmentsAspects.java::0 the @annotation pointcut expression is only supported at Java 5 compliance level or above
[CallSiteClassLoader@6d3163a6] error at io/qameta/allure/aspects/StepsAspects.java::0 the @annotation pointcut expression is only supported at Java 5 compliance level or above
[CallSiteClassLoader@6d3163a6] error at io/qameta/allure/aspects/AttachmentsAspects.java::0 the @annotation pointcut expression is only supported at Java 5 compliance level or above
[DelegatingClassLoader@49122853] error at io/qameta/allure/aspects/StepsAspects.java::0 the @annotation pointcut expression is only supported at Java 5 compliance level or above
[DelegatingClassLoader@49122853] error at io/qameta/allure/aspects/AttachmentsAspects.java::0 the @annotation pointcut expression is only supported at Java 5 compliance level or above
[DelegatingClassLoader@6fced25c] error at io/qameta/allure/aspects/StepsAspects.java::0 the @annotation pointcut expression is only supported at Java 5 compliance level or above
[DelegatingClassLoader@6fced25c] error at io/qameta/allure/aspects/AttachmentsAspects.java::0 the @annotation pointcut expression is only supported at Java 5 compliance level or above
[DelegatingClassLoader@17d76ebb] error at io/qameta/allure/aspects/StepsAspects.java::0 the @annotation pointcut expression is only supported at Java 5 compliance level or above
[DelegatingClassLoader@17d76ebb] error at io/qameta/allure/aspects/AttachmentsAspects.java::0 the @annotation pointcut expression is only supported at Java 5 compliance level or above
[DelegatingClassLoader@1f9a7684] error at io/qameta/allure/aspects/StepsAspects.java::0 the @annotation pointcut expression is only supported at Java 5 compliance level or above
[DelegatingClassLoader@1f9a7684] error at io/qameta/allure/aspects/AttachmentsAspects.java::0 the @annotation pointcut expression is only supported at Java 5 compliance level or above
[DelegatingClassLoader@2404abe2] error at io/qameta/allure/aspects/StepsAspects.java::0 the @annotation pointcut expression is only supported at Java 5 compliance level or above
[DelegatingClassLoader@2404abe2] error at io/qameta/allure/aspects/AttachmentsAspects.java::0 the @annotation pointcut expression is only supported at Java 5 compliance level or above
[DelegatingClassLoader@702096ef] error at io/qameta/allure/aspects/StepsAspects.java::0 the @annotation pointcut expression is only supported at Java 5 compliance level or above
[DelegatingClassLoader@702096ef] error at io/qameta/allure/aspects/AttachmentsAspects.java::0 the @annotation pointcut expression is only supported at Java 5 compliance level or above
[DelegatingClassLoader@4af70b83] error at io/qameta/allure/aspects/StepsAspects.java::0 the @annotation pointcut expression is only supported at Java 5 compliance level or above
[DelegatingClassLoader@4af70b83] error at io/qameta/allure/aspects/AttachmentsAspects.java::0 the @annotation pointcut expression is only supported at Java 5 compliance level or above
[DelegatingClassLoader@4fa5cc73] error at io/qameta/allure/aspects/StepsAspects.java::0 the @annotation pointcut expression is only supported at Java 5 compliance level or above
[DelegatingClassLoader@4fa5cc73] error at io/qameta/allure/aspects/AttachmentsAspects.java::0 the @annotation pointcut expression is only supported at Java 5 compliance level or above
[DelegatingClassLoader@3c9e19de] error at io/qameta/allure/aspects/StepsAspects.java::0 the @annotation pointcut expression is only supported at Java 5 compliance level or above
[DelegatingClassLoader@3c9e19de] error at io/qameta/allure/aspects/AttachmentsAspects.java::0 the @annotation pointcut expression is only supported at Java 5 compliance level or above
[DelegatingClassLoader@5922cff3] error at io/qameta/allure/aspects/StepsAspects.java::0 the @annotation pointcut expression is only supported at Java 5 compliance level or above
[DelegatingClassLoader@5922cff3] error at io/qameta/allure/aspects/AttachmentsAspects.java::0 the @annotation pointcut expression is only supported at Java 5 compliance level or above
[DelegatingClassLoader@b9b97ad] error at io/qameta/allure/aspects/StepsAspects.java::0 the @annotation pointcut expression is only supported at Java 5 compliance level or above
[DelegatingClassLoader@b9b97ad] error at io/qameta/allure/aspects/AttachmentsAspects.java::0 the @annotation pointcut expression is only supported at Java 5 compliance level or above
[DelegatingClassLoader@645ba24a] error at io/qameta/allure/aspects/StepsAspects.java::0 the @annotation pointcut expression is only supported at Java 5 compliance level or above
[DelegatingClassLoader@645ba24a] error at io/qameta/allure/aspects/AttachmentsAspects.java::0 the @annotation pointcut expression is only supported at Java 5 compliance level or above
[DelegatingClassLoader@41be8db9] error at io/qameta/allure/aspects/StepsAspects.java::0 the @annotation pointcut expression is only supported at Java 5 compliance level or above
[DelegatingClassLoader@41be8db9] error at io/qameta/allure/aspects/AttachmentsAspects.java::0 the @annotation pointcut expression is only supported at Java 5 compliance level or above
[DelegatingClassLoader@3c27f72] error at io/qameta/allure/aspects/StepsAspects.java::0 the @annotation pointcut expression is only supported at Java 5 compliance level or above
[DelegatingClassLoader@3c27f72] error at io/qameta/allure/aspects/AttachmentsAspects.java::0 the @annotation pointcut expression is only supported at Java 5 compliance level or above
[DelegatingClassLoader@d76099a] error at io/qameta/allure/aspects/StepsAspects.java::0 the @annotation pointcut expression is only supported at Java 5 compliance level or above
[DelegatingClassLoader@d76099a] error at io/qameta/allure/aspects/AttachmentsAspects.java::0 the @annotation pointcut expression is only supported at Java 5 compliance level or above
[CallSiteClassLoader@581918f6] error at io/qameta/allure/aspects/StepsAspects.java::0 the @annotation pointcut expression is only supported at Java 5 compliance level or above
[CallSiteClassLoader@581918f6] error at io/qameta/allure/aspects/AttachmentsAspects.java::0 the @annotation pointcut expression is only supported at Java 5 compliance level or above
[CallSiteClassLoader@67dc6b48] error at io/qameta/allure/aspects/StepsAspects.java::0 the @annotation pointcut expression is only supported at Java 5 compliance level or above
[CallSiteClassLoader@67dc6b48] error at io/qameta/allure/aspects/AttachmentsAspects.java::0 the @annotation pointcut expression is only supported at Java 5 compliance level or above
[CallSiteClassLoader@1fa9692b] error at io/qameta/allure/aspects/StepsAspects.java::0 the @annotation pointcut expression is only supported at Java 5 compliance level or above
[CallSiteClassLoader@1fa9692b] error at io/qameta/allure/aspects/AttachmentsAspects.java::0 the @annotation pointcut expression is only supported at Java 5 compliance level or above
[CallSiteClassLoader@1ad1be5d] error at io/qameta/allure/aspects/StepsAspects.java::0 the @annotation pointcut expression is only supported at Java 5 compliance level or above
[CallSiteClassLoader@1ad1be5d] error at io/qameta/allure/aspects/AttachmentsAspects.java::0 the @annotation pointcut expression is only supported at Java 5 compliance level or above
[DelegatingClassLoader@1ad1b737] error at io/qameta/allure/aspects/StepsAspects.java::0 the @annotation pointcut expression is only supported at Java 5 compliance level or above
[DelegatingClassLoader@1ad1b737] error at io/qameta/allure/aspects/AttachmentsAspects.java::0 the @annotation pointcut expression is only supported at Java 5 compliance level or above
[CallSiteClassLoader@280d5a82] error at io/qameta/allure/aspects/StepsAspects.java::0 the @annotation pointcut expression is only supported at Java 5 compliance level or above
[CallSiteClassLoader@280d5a82] error at io/qameta/allure/aspects/AttachmentsAspects.java::0 the @annotation pointcut expression is only supported at Java 5 compliance level or above
[CallSiteClassLoader@64f3991e] error at io/qameta/allure/aspects/StepsAspects.java::0 the @annotation pointcut expression is only supported at Java 5 compliance level or above
[CallSiteClassLoader@64f3991e] error at io/qameta/allure/aspects/AttachmentsAspects.java::0 the @annotation pointcut expression is only supported at Java 5 compliance level or above
[DelegatingClassLoader@33430fc] error at io/qameta/allure/aspects/StepsAspects.java::0 the @annotation pointcut expression is only supported at Java 5 compliance level or above
[DelegatingClassLoader@33430fc] error at io/qameta/allure/aspects/AttachmentsAspects.java::0 the @annotation pointcut expression is only supported at Java 5 compliance level or above
]]></system-err>
  </testcase>
  <testcase name="createUser" classname="tests.CreateUser" time="0.737"/>
  <testcase name="getUser" classname="tests.GetUser" time="1.499"/>
  <testcase name="deleteUser" classname="tests.DeleteUser" time="2.924"/>
</testsuite>